<?xml version="1.0" encoding="UTF-8"?>
<testng-results total="1" passed="1" failed="0" skipped="0">
  <reporter-output>
  </reporter-output>
  <suite started-at="2022-10-25T17:00:07Z" name="Default suite" finished-at="2022-10-25T17:00:18Z" duration-ms="11088">
    <groups>
    </groups>
    <test started-at="2022-10-25T17:00:07Z" name="Default test" finished-at="2022-10-25T17:00:18Z" duration-ms="11088">
      <class name="TestRunner.Form_Submit_Test">
        <test-method is-config="true" signature="prescript()[pri:0, instance:TestRunner.Form_Submit_Test@36804139]" started-at="2022-10-25T22:30:07Z" name="prescript" finished-at="2022-10-25T22:30:15Z" duration-ms="8250" status="PASS">
          <reporter-output>
          </reporter-output>
        </test-method> <!-- prescript -->
        <test-method signature="ChangeProfile()[pri:0, instance:TestRunner.Form_Submit_Test@36804139]" started-at="2022-10-25T22:30:15Z" name="ChangeProfile" finished-at="2022-10-25T22:30:17Z" duration-ms="1910" status="PASS">
          <reporter-output>
          </reporter-output>
        </test-method> <!-- ChangeProfile -->
        <test-method is-config="true" signature="TearDown()[pri:0, instance:TestRunner.Form_Submit_Test@36804139]" started-at="2022-10-25T22:30:17Z" name="TearDown" finished-at="2022-10-25T22:30:18Z" duration-ms="904" status="PASS">
          <reporter-output>
          </reporter-output>
        </test-method> <!-- TearDown -->
      </class> <!-- TestRunner.Form_Submit_Test -->
    </test> <!-- Default test -->
  </suite> <!-- Default suite -->
</testng-results>
